c:\users\topk\desktop\编译原理大作业--绘图解释器\绘图解释器项目工程\compilationprinciple\compilationprinciple\x64\debug\vc142.pdb
c:\users\topk\desktop\编译原理大作业--绘图解释器\绘图解释器项目工程\compilationprinciple\compilationprinciple\x64\debug\vc142.idb
c:\users\topk\desktop\编译原理大作业--绘图解释器\绘图解释器项目工程\compilationprinciple\compilationprinciple\x64\debug\semantic.obj
c:\users\topk\desktop\编译原理大作业--绘图解释器\绘图解释器项目工程\compilationprinciple\compilationprinciple\x64\debug\scanner.obj
c:\users\topk\desktop\编译原理大作业--绘图解释器\绘图解释器项目工程\compilationprinciple\compilationprinciple\x64\debug\parser.obj
c:\users\topk\desktop\编译原理大作业--绘图解释器\绘图解释器项目工程\compilationprinciple\compilationprinciple\x64\debug\main.obj
g:\compilationprinciple\compilationprinciple\x64\debug\compilationprinciple.exe
g:\compilationprinciple\compilationprinciple\x64\debug\compilationprinciple.ilk
g:\compilationprinciple\compilationprinciple\x64\debug\compilationprinciple.pdb
c:\users\topk\desktop\编译原理大作业--绘图解释器\绘图解释器项目工程\compilationprinciple\x64\debug\compilationprinciple.ilk
c:\users\topk\desktop\编译原理大作业--绘图解释器\绘图解释器项目工程\compilationprinciple\x64\debug\compilationprinciple.exe
c:\users\topk\desktop\编译原理大作业--绘图解释器\绘图解释器项目工程\compilationprinciple\x64\debug\compilationprinciple.pdb
c:\users\topk\onedrive\microsoft visual studio 2019\compilationprinciple\compilationprinciple\x64\debug\main.obj
c:\users\topk\onedrive\microsoft visual studio 2019\compilationprinciple\compilationprinciple\x64\debug\parser.obj
c:\users\topk\onedrive\microsoft visual studio 2019\compilationprinciple\compilationprinciple\x64\debug\scanner.obj
c:\users\topk\onedrive\microsoft visual studio 2019\compilationprinciple\compilationprinciple\x64\debug\semantic.obj
c:\users\topk\onedrive\microsoft visual studio 2019\compilationprinciple\compilationprinciple\x64\debug\vc141.idb
c:\users\topk\onedrive\microsoft visual studio 2019\compilationprinciple\compilationprinciple\x64\debug\vc142.idb
c:\users\topk\onedrive\microsoft visual studio 2019\compilationprinciple\compilationprinciple\x64\debug\vc141.pdb
c:\users\topk\onedrive\microsoft visual studio 2019\compilationprinciple\compilationprinciple\x64\debug\vc142.pdb
c:\users\topk\onedrive\microsoft visual studio 2019\compilationprinciple\x64\debug\compilationprinciple.pdb
c:\users\topk\onedrive\microsoft visual studio 2019\compilationprinciple\x64\debug\compilationprinciple.exe
c:\users\topk\onedrive\microsoft visual studio 2019\compilationprinciple\x64\debug\compilationprinciple.ilk
c:\users\topk\onedrive\microsoft visual studio 2019\compilationprinciple\compilationprinciple\x64\debug\compilat.2878a0f1.tlog\cl.command.1.tlog
c:\users\topk\onedrive\microsoft visual studio 2019\compilationprinciple\compilationprinciple\x64\debug\compilat.2878a0f1.tlog\cl.read.1.tlog
c:\users\topk\onedrive\microsoft visual studio 2019\compilationprinciple\compilationprinciple\x64\debug\compilat.2878a0f1.tlog\cl.write.1.tlog
c:\users\topk\onedrive\microsoft visual studio 2019\compilationprinciple\compilationprinciple\x64\debug\compilat.2878a0f1.tlog\link.command.1.tlog
c:\users\topk\onedrive\microsoft visual studio 2019\compilationprinciple\compilationprinciple\x64\debug\compilat.2878a0f1.tlog\link.read.1.tlog
c:\users\topk\onedrive\microsoft visual studio 2019\compilationprinciple\compilationprinciple\x64\debug\compilat.2878a0f1.tlog\link.write.1.tlog
